<?xml version="1.0" encoding="UTF-8"?>
<testsuite xmlns:xsi="http://www.w3.org/2001/XMLSchema-instance" xsi:noNamespaceSchemaLocation="https://maven.apache.org/surefire/maven-surefire-plugin/xsd/surefire-test-report.xsd" name="com.shoppingapp.cogjava2915.ShoppingappApplicationTests" time="57.889" tests="6" errors="0" skipped="0" failures="0">
  <properties>
[...]
</properties>
  <testcase name="resetPasswordTest" classname="com.shoppingapp.cogjava2915.ShoppingappApplicationTests" time="0.327"/>
  <testcase name="loginUserTest" classname="com.shoppingapp.cogjava2915.ShoppingappApplicationTests" time="0.007"/>
  <testcase name="registerNewUserTest" classname="com.shoppingapp.cogjava2915.ShoppingappApplicationTests" time="0.026"/>
  <testcase name="getAllProductsList" classname="com.shoppingapp.cogjava2915.ShoppingappApplicationTests" time="0.006"/>
  <testcase name="addNewProductTest" classname="com.shoppingapp.cogjava2915.ShoppingappApplicationTests" time="0.288"/>
  <testcase name="updateProductTest" classname="com.shoppingapp.cogjava2915.ShoppingappApplicationTests" time="0.011"/>
</testsuite>